<?xml version="1.0" encoding="UTF-8"?>
<TestRun id="913dac8d-76c0-4eab-9472-f84e1cc91be7" name="Putnik@PUTNIK-PK 2012-06-21 00:24:12" runUser="Putnik-Pk\Putnik" xmlns="http://microsoft.com/schemas/VisualStudio/TeamTest/2010">
  <TestSettings name="Local" id="22fcd1b1-de5e-47bf-9496-00c7fd2f38f4">
    <Description>These are default test settings for a local test run.</Description>
    <Deployment enabled="false" runDeploymentRoot="Putnik_PUTNIK-PK 2012-06-21 00_24_12">
      <DeploymentItem filename="c:\users\putnik\documents\visual studio 11\Projects\TemplateTask\TemplateTask\bin\Debug\TemplateTask.exe" />
    </Deployment>
    <Execution>
      <TestTypeSpecific />
      <AgentRule name="Execution Agents">
      </AgentRule>
    </Execution>
  </TestSettings>
  <Times creation="2012-06-21T00:24:12.9900000+03:00" queuing="2012-06-21T00:24:15.9072000+03:00" start="2012-06-21T00:24:16.0762000+03:00" finish="2012-06-21T00:24:40.6382000+03:00" />
  <ResultSummary outcome="Error">
    <Counters total="3" executed="1" error="0" failed="0" timeout="0" aborted="1" inconclusive="0" passedButRunAborted="0" notRunnable="0" notExecuted="2" disconnected="0" warning="0" passed="0" completed="0" inProgress="0" pending="0" />
    <RunInfos>
      <RunInfo computerName="PUTNIK-PK" outcome="Warning" timestamp="2012-06-21T00:24:13.1060000+03:00">
        <Text>Deployment is currently disabled. The deployment item 'TemplateTask.exe' on test 'TestProject.ProgramTest.ProgramConstructorTest' was not deployed.</Text>
      </RunInfo>
      <RunInfo computerName="PUTNIK-PK" outcome="Error" timestamp="2012-06-21T00:24:40.5752000+03:00">
        <Text>Test host process exited unexpectedly.</Text>
      </RunInfo>
    </RunInfos>
  </ResultSummary>
  <TestDefinitions>
    <UnitTest name="ProgramConstructorTest" storage="c:\users\putnik\documents\visual studio 11\projects\templatetask\testproject\bin\debug\testproject.dll" id="fe8e1ed9-031a-cb7f-9647-c12561366105">
      <DeploymentItems>
        <DeploymentItem filename="TemplateTask.exe" />
      </DeploymentItems>
      <Execution id="4f1d780c-c4ac-401c-86d4-b4b8d7113534" />
      <TestMethod codeBase="c:/users/putnik/documents/visual studio 11/Projects/TemplateTask/TestProject/bin/Debug/TestProject.DLL" adapterTypeName="Microsoft.VisualStudio.TestTools.TestTypes.Unit.UnitTestAdapter, Microsoft.VisualStudio.QualityTools.Tips.UnitTest.Adapter, Version=11.0.0.0, Culture=neutral, PublicKeyToken=b03f5f7f11d50a3a" className="TestProject.ProgramTest, TestProject, Version=1.0.0.0, Culture=neutral, PublicKeyToken=null" name="ProgramConstructorTest" />
    </UnitTest>
    <UnitTest name="MainTest" storage="c:\users\putnik\documents\visual studio 11\projects\templatetask\testproject\bin\debug\testproject.dll" id="b4e05061-4fe6-a875-dbeb-a3814a9e10d5">
      <DeploymentItems>
        <DeploymentItem filename="TemplateTask.exe" />
      </DeploymentItems>
      <Execution id="369707b3-858c-4b75-a4a9-040c9983b30a" />
      <TestMethod codeBase="c:/users/putnik/documents/visual studio 11/Projects/TemplateTask/TestProject/bin/Debug/TestProject.DLL" adapterTypeName="Microsoft.VisualStudio.TestTools.TestTypes.Unit.UnitTestAdapter, Microsoft.VisualStudio.QualityTools.Tips.UnitTest.Adapter, Version=11.0.0.0, Culture=neutral, PublicKeyToken=b03f5f7f11d50a3a" className="TestProject.ProgramTest, TestProject, Version=1.0.0.0, Culture=neutral, PublicKeyToken=null" name="MainTest" />
    </UnitTest>
    <UnitTest name="RenderTest" storage="c:\users\putnik\documents\visual studio 11\projects\templatetask\testproject\bin\debug\testproject.dll" id="c617a7a2-94ff-3af8-09c1-2cb4b30c8330">
      <DeploymentItems>
        <DeploymentItem filename="TemplateTask.exe" />
      </DeploymentItems>
      <Execution id="822d7643-a90e-4b8f-8e47-795ebb34c89a" />
      <TestMethod codeBase="c:/users/putnik/documents/visual studio 11/Projects/TemplateTask/TestProject/bin/Debug/TestProject.DLL" adapterTypeName="Microsoft.VisualStudio.TestTools.TestTypes.Unit.UnitTestAdapter, Microsoft.VisualStudio.QualityTools.Tips.UnitTest.Adapter, Version=11.0.0.0, Culture=neutral, PublicKeyToken=b03f5f7f11d50a3a" className="TestProject.ProgramTest, TestProject, Version=1.0.0.0, Culture=neutral, PublicKeyToken=null" name="RenderTest" />
    </UnitTest>
  </TestDefinitions>
  <TestLists>
    <TestList name="Results Not in a List" id="8c84fa94-04c1-424b-9868-57a2d4851a1d" />
    <TestList name="All Loaded Results" id="19431567-8539-422a-85d7-44ee4e166bda" />
  </TestLists>
  <TestEntries>
    <TestEntry testId="b4e05061-4fe6-a875-dbeb-a3814a9e10d5" executionId="369707b3-858c-4b75-a4a9-040c9983b30a" testListId="8c84fa94-04c1-424b-9868-57a2d4851a1d" />
    <TestEntry testId="c617a7a2-94ff-3af8-09c1-2cb4b30c8330" executionId="822d7643-a90e-4b8f-8e47-795ebb34c89a" testListId="8c84fa94-04c1-424b-9868-57a2d4851a1d" />
    <TestEntry testId="fe8e1ed9-031a-cb7f-9647-c12561366105" executionId="4f1d780c-c4ac-401c-86d4-b4b8d7113534" testListId="8c84fa94-04c1-424b-9868-57a2d4851a1d" />
  </TestEntries>
  <Results>
    <UnitTestResult executionId="369707b3-858c-4b75-a4a9-040c9983b30a" testId="b4e05061-4fe6-a875-dbeb-a3814a9e10d5" testName="MainTest" computerName="PUTNIK-PK" duration="00:00:24.4630000" startTime="2012-06-21T00:24:16.1742000+03:00" endTime="2012-06-21T00:24:40.6372000+03:00" testType="13cdc9d9-ddb5-4fa4-a97d-d965ccfc6d4b" outcome="Aborted" testListId="8c84fa94-04c1-424b-9868-57a2d4851a1d" relativeResultsDirectory="369707b3-858c-4b75-a4a9-040c9983b30a">
    </UnitTestResult>
    <UnitTestResult executionId="822d7643-a90e-4b8f-8e47-795ebb34c89a" testId="c617a7a2-94ff-3af8-09c1-2cb4b30c8330" testName="RenderTest" computerName="PUTNIK-PK" testType="13cdc9d9-ddb5-4fa4-a97d-d965ccfc6d4b" outcome="NotExecuted" testListId="8c84fa94-04c1-424b-9868-57a2d4851a1d" relativeResultsDirectory="822d7643-a90e-4b8f-8e47-795ebb34c89a">
    </UnitTestResult>
    <UnitTestResult executionId="4f1d780c-c4ac-401c-86d4-b4b8d7113534" testId="fe8e1ed9-031a-cb7f-9647-c12561366105" testName="ProgramConstructorTest" computerName="PUTNIK-PK" testType="13cdc9d9-ddb5-4fa4-a97d-d965ccfc6d4b" outcome="NotExecuted" testListId="8c84fa94-04c1-424b-9868-57a2d4851a1d" relativeResultsDirectory="4f1d780c-c4ac-401c-86d4-b4b8d7113534">
    </UnitTestResult>
  </Results>
</TestRun>