<?xml version="1.0" encoding="UTF-8"?>
<TestRun id="30a9db63-5f36-4cbd-9b19-bb911dc677a2" name="Putnik@PUTNIK-PK 2012-06-21 00:24:54" runUser="Putnik-Pk\Putnik" xmlns="http://microsoft.com/schemas/VisualStudio/TeamTest/2010">
  <TestSettings name="Local" id="22fcd1b1-de5e-47bf-9496-00c7fd2f38f4">
    <Description>These are default test settings for a local test run.</Description>
    <Deployment enabled="false" runDeploymentRoot="Putnik_PUTNIK-PK 2012-06-21 00_24_54">
      <DeploymentItem filename="c:\users\putnik\documents\visual studio 11\Projects\TemplateTask\TemplateTask\bin\Debug\TemplateTask.exe" />
    </Deployment>
    <Execution>
      <TestTypeSpecific />
      <AgentRule name="Execution Agents">
      </AgentRule>
    </Execution>
  </TestSettings>
  <Times creation="2012-06-21T00:24:54.1256000+03:00" queuing="2012-06-21T00:24:54.9496000+03:00" start="2012-06-21T00:24:55.0366000+03:00" finish="2012-06-21T00:24:55.7896000+03:00" />
  <ResultSummary outcome="Inconclusive">
    <Counters total="3" executed="3" error="0" failed="0" timeout="0" aborted="0" inconclusive="3" passedButRunAborted="0" notRunnable="0" notExecuted="0" disconnected="0" warning="0" passed="0" completed="0" inProgress="0" pending="0" />
    <RunInfos>
      <RunInfo computerName="PUTNIK-PK" outcome="Warning" timestamp="2012-06-21T00:24:54.2426000+03:00">
        <Text>Deployment is currently disabled. The deployment item 'TemplateTask.exe' on test 'TestProject.ProgramTest.ProgramConstructorTest' was not deployed.</Text>
      </RunInfo>
    </RunInfos>
  </ResultSummary>
  <TestDefinitions>
    <UnitTest name="ProgramConstructorTest" storage="c:\users\putnik\documents\visual studio 11\projects\templatetask\testproject\bin\debug\testproject.dll" id="fe8e1ed9-031a-cb7f-9647-c12561366105">
      <DeploymentItems>
        <DeploymentItem filename="TemplateTask.exe" />
      </DeploymentItems>
      <Execution id="20632d46-016d-47cf-8cc5-ae8f265e3605" />
      <TestMethod codeBase="c:/users/putnik/documents/visual studio 11/Projects/TemplateTask/TestProject/bin/Debug/TestProject.DLL" adapterTypeName="Microsoft.VisualStudio.TestTools.TestTypes.Unit.UnitTestAdapter, Microsoft.VisualStudio.QualityTools.Tips.UnitTest.Adapter, Version=11.0.0.0, Culture=neutral, PublicKeyToken=b03f5f7f11d50a3a" className="TestProject.ProgramTest, TestProject, Version=1.0.0.0, Culture=neutral, PublicKeyToken=null" name="ProgramConstructorTest" />
    </UnitTest>
    <UnitTest name="MainTest" storage="c:\users\putnik\documents\visual studio 11\projects\templatetask\testproject\bin\debug\testproject.dll" id="b4e05061-4fe6-a875-dbeb-a3814a9e10d5">
      <DeploymentItems>
        <DeploymentItem filename="TemplateTask.exe" />
      </DeploymentItems>
      <Execution id="380fe0a3-a72f-4419-afdb-7d665261e250" />
      <TestMethod codeBase="c:/users/putnik/documents/visual studio 11/Projects/TemplateTask/TestProject/bin/Debug/TestProject.DLL" adapterTypeName="Microsoft.VisualStudio.TestTools.TestTypes.Unit.UnitTestAdapter, Microsoft.VisualStudio.QualityTools.Tips.UnitTest.Adapter, Version=11.0.0.0, Culture=neutral, PublicKeyToken=b03f5f7f11d50a3a" className="TestProject.ProgramTest, TestProject, Version=1.0.0.0, Culture=neutral, PublicKeyToken=null" name="MainTest" />
    </UnitTest>
    <UnitTest name="RenderTest" storage="c:\users\putnik\documents\visual studio 11\projects\templatetask\testproject\bin\debug\testproject.dll" id="c617a7a2-94ff-3af8-09c1-2cb4b30c8330">
      <DeploymentItems>
        <DeploymentItem filename="TemplateTask.exe" />
      </DeploymentItems>
      <Execution id="d82d199f-2ed6-49e2-aa93-528d5511ed8a" />
      <TestMethod codeBase="c:/users/putnik/documents/visual studio 11/Projects/TemplateTask/TestProject/bin/Debug/TestProject.DLL" adapterTypeName="Microsoft.VisualStudio.TestTools.TestTypes.Unit.UnitTestAdapter, Microsoft.VisualStudio.QualityTools.Tips.UnitTest.Adapter, Version=11.0.0.0, Culture=neutral, PublicKeyToken=b03f5f7f11d50a3a" className="TestProject.ProgramTest, TestProject, Version=1.0.0.0, Culture=neutral, PublicKeyToken=null" name="RenderTest" />
    </UnitTest>
  </TestDefinitions>
  <TestLists>
    <TestList name="Results Not in a List" id="8c84fa94-04c1-424b-9868-57a2d4851a1d" />
    <TestList name="All Loaded Results" id="19431567-8539-422a-85d7-44ee4e166bda" />
  </TestLists>
  <TestEntries>
    <TestEntry testId="b4e05061-4fe6-a875-dbeb-a3814a9e10d5" executionId="380fe0a3-a72f-4419-afdb-7d665261e250" testListId="8c84fa94-04c1-424b-9868-57a2d4851a1d" />
    <TestEntry testId="c617a7a2-94ff-3af8-09c1-2cb4b30c8330" executionId="d82d199f-2ed6-49e2-aa93-528d5511ed8a" testListId="8c84fa94-04c1-424b-9868-57a2d4851a1d" />
    <TestEntry testId="fe8e1ed9-031a-cb7f-9647-c12561366105" executionId="20632d46-016d-47cf-8cc5-ae8f265e3605" testListId="8c84fa94-04c1-424b-9868-57a2d4851a1d" />
  </TestEntries>
  <Results>
    <UnitTestResult executionId="380fe0a3-a72f-4419-afdb-7d665261e250" testId="b4e05061-4fe6-a875-dbeb-a3814a9e10d5" testName="MainTest" computerName="PUTNIK-PK" duration="00:00:00.1072438" startTime="2012-06-21T00:24:55.0766000+03:00" endTime="2012-06-21T00:24:55.6826000+03:00" testType="13cdc9d9-ddb5-4fa4-a97d-d965ccfc6d4b" outcome="Inconclusive" testListId="8c84fa94-04c1-424b-9868-57a2d4851a1d" relativeResultsDirectory="380fe0a3-a72f-4419-afdb-7d665261e250">
      <Output>
        <ErrorInfo>
          <Message>Assert.Inconclusive failed. A method that does not return a value cannot be verified.</Message>
          <StackTrace>   в TestProject.ProgramTest.MainTest() в c:\Users\Putnik\Documents\Visual Studio 11\Projects\TemplateTask\TestProject\ProgramTest.cs:строка 87
</StackTrace>
        </ErrorInfo>
      </Output>
    </UnitTestResult>
    <UnitTestResult executionId="d82d199f-2ed6-49e2-aa93-528d5511ed8a" testId="c617a7a2-94ff-3af8-09c1-2cb4b30c8330" testName="RenderTest" computerName="PUTNIK-PK" duration="00:00:00.0015146" startTime="2012-06-21T00:24:55.6896000+03:00" endTime="2012-06-21T00:24:55.7006000+03:00" testType="13cdc9d9-ddb5-4fa4-a97d-d965ccfc6d4b" outcome="Inconclusive" testListId="8c84fa94-04c1-424b-9868-57a2d4851a1d" relativeResultsDirectory="d82d199f-2ed6-49e2-aa93-528d5511ed8a">
      <Output>
        <ErrorInfo>
          <Message>Assert.Inconclusive failed. A method that does not return a value cannot be verified.</Message>
          <StackTrace>   в TestProject.ProgramTest.RenderTest() в c:\Users\Putnik\Documents\Visual Studio 11\Projects\TemplateTask\TestProject\ProgramTest.cs:строка 99
</StackTrace>
        </ErrorInfo>
      </Output>
    </UnitTestResult>
    <UnitTestResult executionId="20632d46-016d-47cf-8cc5-ae8f265e3605" testId="fe8e1ed9-031a-cb7f-9647-c12561366105" testName="ProgramConstructorTest" computerName="PUTNIK-PK" duration="00:00:00.0062864" startTime="2012-06-21T00:24:55.7106000+03:00" endTime="2012-06-21T00:24:55.7236000+03:00" testType="13cdc9d9-ddb5-4fa4-a97d-d965ccfc6d4b" outcome="Inconclusive" testListId="8c84fa94-04c1-424b-9868-57a2d4851a1d" relativeResultsDirectory="20632d46-016d-47cf-8cc5-ae8f265e3605">
      <Output>
        <ErrorInfo>
          <Message>Assert.Inconclusive failed. TODO: Implement code to verify target</Message>
          <StackTrace>   в TestProject.ProgramTest.ProgramConstructorTest() в c:\Users\Putnik\Documents\Visual Studio 11\Projects\TemplateTask\TestProject\ProgramTest.cs:строка 75
</StackTrace>
        </ErrorInfo>
      </Output>
    </UnitTestResult>
  </Results>
</TestRun>