<?xml version="1.0" encoding="UTF-8"?>
<TestRun id="cab9cce5-a52c-49ed-94c5-bc64612ff254" name="Putnik@PUTNIK-PK 2012-06-21 16:36:29" runUser="Putnik-Pk\Putnik" xmlns="http://microsoft.com/schemas/VisualStudio/TeamTest/2010">
  <TestSettings name="Local" id="22fcd1b1-de5e-47bf-9496-00c7fd2f38f4">
    <Description>These are default test settings for a local test run.</Description>
    <Deployment enabled="false" runDeploymentRoot="Putnik_PUTNIK-PK 2012-06-21 16_36_29">
      <DeploymentItem filename="C:\Users\Putnik\Documents\Visual Studio 11\Projects\TemplateTask\TemplateTask\bin\Debug\TemplateTask.exe" />
    </Deployment>
    <Execution>
      <TestTypeSpecific />
      <AgentRule name="Execution Agents">
      </AgentRule>
    </Execution>
  </TestSettings>
  <Times creation="2012-06-21T16:36:29.2026000+03:00" queuing="2012-06-21T16:36:32.6376000+03:00" start="2012-06-21T16:36:32.8276000+03:00" finish="2012-06-21T16:36:58.2226000+03:00" />
  <ResultSummary outcome="Error">
    <Counters total="1" executed="1" error="0" failed="0" timeout="0" aborted="1" inconclusive="0" passedButRunAborted="0" notRunnable="0" notExecuted="0" disconnected="0" warning="0" passed="0" completed="0" inProgress="0" pending="0" />
    <RunInfos>
      <RunInfo computerName="PUTNIK-PK" outcome="Warning" timestamp="2012-06-21T16:36:29.3806000+03:00">
        <Text>Deployment is currently disabled. The deployment item 'TemplateTask.exe' on test 'UnitTests.ProcessRequestTest.equalsCycleTest' was not deployed.</Text>
      </RunInfo>
      <RunInfo computerName="PUTNIK-PK" outcome="Error" timestamp="2012-06-21T16:36:58.1726000+03:00">
        <Text>Test host process exited unexpectedly.</Text>
      </RunInfo>
    </RunInfos>
  </ResultSummary>
  <TestDefinitions>
    <UnitTest name="equalsCycleTest" storage="c:\users\putnik\documents\visual studio 11\projects\templatetask\unittests\bin\debug\unittests.dll" id="2cafb713-23e9-872e-bb7e-45cb20cd18f1">
      <DeploymentItems>
        <DeploymentItem filename="TemplateTask.exe" />
      </DeploymentItems>
      <Execution id="2dda85b8-a97b-4b74-b86e-1e8f783c4a04" />
      <TestMethod codeBase="C:/Users/Putnik/Documents/Visual Studio 11/Projects/TemplateTask/UnitTests/bin/Debug/UnitTests.DLL" adapterTypeName="Microsoft.VisualStudio.TestTools.TestTypes.Unit.UnitTestAdapter, Microsoft.VisualStudio.QualityTools.Tips.UnitTest.Adapter, Version=11.0.0.0, Culture=neutral, PublicKeyToken=b03f5f7f11d50a3a" className="UnitTests.ProcessRequestTest, UnitTests, Version=1.0.0.0, Culture=neutral, PublicKeyToken=null" name="equalsCycleTest" />
    </UnitTest>
  </TestDefinitions>
  <TestLists>
    <TestList name="Results Not in a List" id="8c84fa94-04c1-424b-9868-57a2d4851a1d" />
    <TestList name="All Loaded Results" id="19431567-8539-422a-85d7-44ee4e166bda" />
  </TestLists>
  <TestEntries>
    <TestEntry testId="2cafb713-23e9-872e-bb7e-45cb20cd18f1" executionId="2dda85b8-a97b-4b74-b86e-1e8f783c4a04" testListId="8c84fa94-04c1-424b-9868-57a2d4851a1d" />
  </TestEntries>
  <Results>
    <UnitTestResult executionId="2dda85b8-a97b-4b74-b86e-1e8f783c4a04" testId="2cafb713-23e9-872e-bb7e-45cb20cd18f1" testName="equalsCycleTest" computerName="PUTNIK-PK" duration="00:00:25.3150000" startTime="2012-06-21T16:36:32.9076000+03:00" endTime="2012-06-21T16:36:58.2226000+03:00" testType="13cdc9d9-ddb5-4fa4-a97d-d965ccfc6d4b" outcome="Aborted" testListId="8c84fa94-04c1-424b-9868-57a2d4851a1d" relativeResultsDirectory="2dda85b8-a97b-4b74-b86e-1e8f783c4a04">
    </UnitTestResult>
  </Results>
</TestRun>