<?xml version="1.0" encoding="UTF-8"?>
<TestRun id="02ca5de4-232e-4368-b6eb-56f5f2efe531" name="Putnik@PUTNIK-PK 2012-06-21 03:11:45" runUser="Putnik-Pk\Putnik" xmlns="http://microsoft.com/schemas/VisualStudio/TeamTest/2010">
  <TestSettings name="Local" id="22fcd1b1-de5e-47bf-9496-00c7fd2f38f4">
    <Description>These are default test settings for a local test run.</Description>
    <Deployment enabled="false" runDeploymentRoot="Putnik_PUTNIK-PK 2012-06-21 03_11_45">
      <DeploymentItem filename="c:\users\putnik\documents\visual studio 11\Projects\TemplateTask\TemplateTask\bin\Debug\TemplateTask.exe" />
    </Deployment>
    <Execution>
      <TestTypeSpecific />
      <AgentRule name="Execution Agents">
      </AgentRule>
    </Execution>
  </TestSettings>
  <Times creation="2012-06-21T03:11:45.6960000+03:00" queuing="2012-06-21T03:11:46.3360000+03:00" start="2012-06-21T03:11:47.5610000+03:00" finish="2012-06-21T03:11:50.8820000+03:00" />
  <ResultSummary outcome="Inconclusive">
    <Counters total="3" executed="3" error="0" failed="0" timeout="0" aborted="0" inconclusive="3" passedButRunAborted="0" notRunnable="0" notExecuted="0" disconnected="0" warning="0" passed="0" completed="0" inProgress="0" pending="0" />
    <RunInfos>
      <RunInfo computerName="PUTNIK-PK" outcome="Warning" timestamp="2012-06-21T03:11:46.3180000+03:00">
        <Text>Deployment is currently disabled. The deployment item 'TemplateTask.exe' on test 'TestProject.ProgramTest.ProgramConstructorTest' was not deployed.</Text>
      </RunInfo>
    </RunInfos>
  </ResultSummary>
  <TestDefinitions>
    <UnitTest name="ProgramConstructorTest" storage="c:\users\putnik\documents\visual studio 11\projects\templatetask\testproject\bin\debug\testproject.dll" id="fe8e1ed9-031a-cb7f-9647-c12561366105">
      <DeploymentItems>
        <DeploymentItem filename="TemplateTask.exe" />
      </DeploymentItems>
      <Execution id="ec3e5f73-84e0-49f9-a325-b3c9efe1b3b2" />
      <TestMethod codeBase="c:/users/putnik/documents/visual studio 11/Projects/TemplateTask/TestProject/bin/Debug/TestProject.DLL" adapterTypeName="Microsoft.VisualStudio.TestTools.TestTypes.Unit.UnitTestAdapter, Microsoft.VisualStudio.QualityTools.Tips.UnitTest.Adapter, Version=11.0.0.0, Culture=neutral, PublicKeyToken=b03f5f7f11d50a3a" className="TestProject.ProgramTest, TestProject, Version=1.0.0.0, Culture=neutral, PublicKeyToken=null" name="ProgramConstructorTest" />
    </UnitTest>
    <UnitTest name="MainTest" storage="c:\users\putnik\documents\visual studio 11\projects\templatetask\testproject\bin\debug\testproject.dll" id="b4e05061-4fe6-a875-dbeb-a3814a9e10d5">
      <DeploymentItems>
        <DeploymentItem filename="TemplateTask.exe" />
      </DeploymentItems>
      <Execution id="94c2aa8f-e04c-4154-a5a6-072fc1cea933" />
      <TestMethod codeBase="c:/users/putnik/documents/visual studio 11/Projects/TemplateTask/TestProject/bin/Debug/TestProject.DLL" adapterTypeName="Microsoft.VisualStudio.TestTools.TestTypes.Unit.UnitTestAdapter, Microsoft.VisualStudio.QualityTools.Tips.UnitTest.Adapter, Version=11.0.0.0, Culture=neutral, PublicKeyToken=b03f5f7f11d50a3a" className="TestProject.ProgramTest, TestProject, Version=1.0.0.0, Culture=neutral, PublicKeyToken=null" name="MainTest" />
    </UnitTest>
    <UnitTest name="RenderTest" storage="c:\users\putnik\documents\visual studio 11\projects\templatetask\testproject\bin\debug\testproject.dll" id="c617a7a2-94ff-3af8-09c1-2cb4b30c8330">
      <DeploymentItems>
        <DeploymentItem filename="TemplateTask.exe" />
      </DeploymentItems>
      <Execution id="d478eae2-fe0e-4d4a-a8ca-ae8dc82a2da6" />
      <TestMethod codeBase="c:/users/putnik/documents/visual studio 11/Projects/TemplateTask/TestProject/bin/Debug/TestProject.DLL" adapterTypeName="Microsoft.VisualStudio.TestTools.TestTypes.Unit.UnitTestAdapter, Microsoft.VisualStudio.QualityTools.Tips.UnitTest.Adapter, Version=11.0.0.0, Culture=neutral, PublicKeyToken=b03f5f7f11d50a3a" className="TestProject.ProgramTest, TestProject, Version=1.0.0.0, Culture=neutral, PublicKeyToken=null" name="RenderTest" />
    </UnitTest>
  </TestDefinitions>
  <TestLists>
    <TestList name="Results Not in a List" id="8c84fa94-04c1-424b-9868-57a2d4851a1d" />
    <TestList name="All Loaded Results" id="19431567-8539-422a-85d7-44ee4e166bda" />
  </TestLists>
  <TestEntries>
    <TestEntry testId="b4e05061-4fe6-a875-dbeb-a3814a9e10d5" executionId="94c2aa8f-e04c-4154-a5a6-072fc1cea933" testListId="8c84fa94-04c1-424b-9868-57a2d4851a1d" />
    <TestEntry testId="c617a7a2-94ff-3af8-09c1-2cb4b30c8330" executionId="d478eae2-fe0e-4d4a-a8ca-ae8dc82a2da6" testListId="8c84fa94-04c1-424b-9868-57a2d4851a1d" />
    <TestEntry testId="fe8e1ed9-031a-cb7f-9647-c12561366105" executionId="ec3e5f73-84e0-49f9-a325-b3c9efe1b3b2" testListId="8c84fa94-04c1-424b-9868-57a2d4851a1d" />
  </TestEntries>
  <Results>
    <UnitTestResult executionId="94c2aa8f-e04c-4154-a5a6-072fc1cea933" testId="b4e05061-4fe6-a875-dbeb-a3814a9e10d5" testName="MainTest" computerName="PUTNIK-PK" duration="00:00:00.2272187" startTime="2012-06-21T03:11:47.8910000+03:00" endTime="2012-06-21T03:11:50.5450000+03:00" testType="13cdc9d9-ddb5-4fa4-a97d-d965ccfc6d4b" outcome="Inconclusive" testListId="8c84fa94-04c1-424b-9868-57a2d4851a1d" relativeResultsDirectory="94c2aa8f-e04c-4154-a5a6-072fc1cea933">
      <Output>
        <ErrorInfo>
          <Message>Assert.Inconclusive failed. A method that does not return a value cannot be verified.</Message>
          <StackTrace>   в TestProject.ProgramTest.MainTest() в c:\Users\Putnik\Documents\Visual Studio 11\Projects\TemplateTask\TestProject\ProgramTest.cs:строка 87
</StackTrace>
        </ErrorInfo>
      </Output>
    </UnitTestResult>
    <UnitTestResult executionId="d478eae2-fe0e-4d4a-a8ca-ae8dc82a2da6" testId="c617a7a2-94ff-3af8-09c1-2cb4b30c8330" testName="RenderTest" computerName="PUTNIK-PK" duration="00:00:00.0122094" startTime="2012-06-21T03:11:50.5830000+03:00" endTime="2012-06-21T03:11:50.7060000+03:00" testType="13cdc9d9-ddb5-4fa4-a97d-d965ccfc6d4b" outcome="Inconclusive" testListId="8c84fa94-04c1-424b-9868-57a2d4851a1d" relativeResultsDirectory="d478eae2-fe0e-4d4a-a8ca-ae8dc82a2da6">
      <Output>
        <ErrorInfo>
          <Message>Assert.Inconclusive failed. A method that does not return a value cannot be verified.</Message>
          <StackTrace>   в TestProject.ProgramTest.RenderTest() в c:\Users\Putnik\Documents\Visual Studio 11\Projects\TemplateTask\TestProject\ProgramTest.cs:строка 99
</StackTrace>
        </ErrorInfo>
      </Output>
    </UnitTestResult>
    <UnitTestResult executionId="ec3e5f73-84e0-49f9-a325-b3c9efe1b3b2" testId="fe8e1ed9-031a-cb7f-9647-c12561366105" testName="ProgramConstructorTest" computerName="PUTNIK-PK" duration="00:00:00.0011459" startTime="2012-06-21T03:11:50.7750000+03:00" endTime="2012-06-21T03:11:50.7830000+03:00" testType="13cdc9d9-ddb5-4fa4-a97d-d965ccfc6d4b" outcome="Inconclusive" testListId="8c84fa94-04c1-424b-9868-57a2d4851a1d" relativeResultsDirectory="ec3e5f73-84e0-49f9-a325-b3c9efe1b3b2">
      <Output>
        <ErrorInfo>
          <Message>Assert.Inconclusive failed. TODO: Implement code to verify target</Message>
          <StackTrace>   в TestProject.ProgramTest.ProgramConstructorTest() в c:\Users\Putnik\Documents\Visual Studio 11\Projects\TemplateTask\TestProject\ProgramTest.cs:строка 75
</StackTrace>
        </ErrorInfo>
      </Output>
    </UnitTestResult>
  </Results>
</TestRun>